2017-10-21 6:21:16 - PHP Notice:  Undefined offset: 1 in /Applications/XAMPP/xamppfiles/htdocs/mittag2/catalog/view/theme/default/template/common/content_top.tpl on line 57
2017-10-21 6:21:16 - PHP Notice:  Undefined offset: 2 in /Applications/XAMPP/xamppfiles/htdocs/mittag2/catalog/view/theme/default/template/common/content_top.tpl on line 60
2017-10-21 6:21:26 - PHP Notice:  Undefined offset: 1 in /Applications/XAMPP/xamppfiles/htdocs/mittag2/catalog/view/theme/default/template/common/content_top.tpl on line 57
2017-10-21 6:21:26 - PHP Notice:  Undefined offset: 2 in /Applications/XAMPP/xamppfiles/htdocs/mittag2/catalog/view/theme/default/template/common/content_top.tpl on line 60
2017-10-21 6:55:23 - PHP Notice:  Undefined offset: 1 in /Applications/XAMPP/xamppfiles/htdocs/mittag2/catalog/view/theme/default/template/common/content_top.tpl on line 57
2017-10-21 6:55:23 - PHP Notice:  Undefined offset: 2 in /Applications/XAMPP/xamppfiles/htdocs/mittag2/catalog/view/theme/default/template/common/content_top.tpl on line 60
2017-10-21 6:55:28 - PHP Notice:  Undefined offset: 1 in /Applications/XAMPP/xamppfiles/htdocs/mittag2/catalog/view/theme/default/template/common/content_top.tpl on line 57
2017-10-21 6:55:28 - PHP Notice:  Undefined offset: 2 in /Applications/XAMPP/xamppfiles/htdocs/mittag2/catalog/view/theme/default/template/common/content_top.tpl on line 60
2017-10-21 6:56:39 - PHP Notice:  Undefined offset: 1 in /Applications/XAMPP/xamppfiles/htdocs/mittag2/catalog/view/theme/default/template/common/content_top.tpl on line 57
2017-10-21 6:56:39 - PHP Notice:  Undefined offset: 2 in /Applications/XAMPP/xamppfiles/htdocs/mittag2/catalog/view/theme/default/template/common/content_top.tpl on line 60
2017-10-21 6:56:57 - PHP Notice:  Undefined offset: 1 in /Applications/XAMPP/xamppfiles/htdocs/mittag2/catalog/view/theme/default/template/common/content_top.tpl on line 57
2017-10-21 6:56:57 - PHP Notice:  Undefined offset: 2 in /Applications/XAMPP/xamppfiles/htdocs/mittag2/catalog/view/theme/default/template/common/content_top.tpl on line 60
2017-10-21 7:06:54 - PHP Notice:  Undefined offset: 1 in /Applications/XAMPP/xamppfiles/htdocs/mittag2/catalog/view/theme/default/template/common/content_top.tpl on line 57
2017-10-21 7:06:54 - PHP Notice:  Undefined offset: 2 in /Applications/XAMPP/xamppfiles/htdocs/mittag2/catalog/view/theme/default/template/common/content_top.tpl on line 60
2017-10-21 7:06:58 - PHP Notice:  Undefined offset: 1 in /Applications/XAMPP/xamppfiles/htdocs/mittag2/catalog/view/theme/default/template/common/content_top.tpl on line 57
2017-10-21 7:06:58 - PHP Notice:  Undefined offset: 2 in /Applications/XAMPP/xamppfiles/htdocs/mittag2/catalog/view/theme/default/template/common/content_top.tpl on line 60
2017-10-21 7:07:06 - PHP Notice:  Undefined offset: 1 in /Applications/XAMPP/xamppfiles/htdocs/mittag2/catalog/view/theme/default/template/common/content_top.tpl on line 57
2017-10-21 7:07:06 - PHP Notice:  Undefined offset: 2 in /Applications/XAMPP/xamppfiles/htdocs/mittag2/catalog/view/theme/default/template/common/content_top.tpl on line 60
2017-10-21 7:08:23 - PHP Notice:  Undefined offset: 1 in /Applications/XAMPP/xamppfiles/htdocs/mittag2/catalog/view/theme/default/template/common/content_top.tpl on line 57
2017-10-21 7:08:23 - PHP Notice:  Undefined offset: 2 in /Applications/XAMPP/xamppfiles/htdocs/mittag2/catalog/view/theme/default/template/common/content_top.tpl on line 60
2017-10-21 7:08:37 - PHP Notice:  Undefined offset: 1 in /Applications/XAMPP/xamppfiles/htdocs/mittag2/catalog/view/theme/default/template/common/content_top.tpl on line 57
2017-10-21 7:08:37 - PHP Notice:  Undefined offset: 2 in /Applications/XAMPP/xamppfiles/htdocs/mittag2/catalog/view/theme/default/template/common/content_top.tpl on line 60
2017-10-21 7:08:49 - PHP Notice:  Undefined offset: 1 in /Applications/XAMPP/xamppfiles/htdocs/mittag2/catalog/view/theme/default/template/common/content_top.tpl on line 57
2017-10-21 7:08:49 - PHP Notice:  Undefined offset: 2 in /Applications/XAMPP/xamppfiles/htdocs/mittag2/catalog/view/theme/default/template/common/content_top.tpl on line 60
2017-10-21 7:14:11 - PHP Notice:  Undefined offset: 1 in /Applications/XAMPP/xamppfiles/htdocs/mittag2/catalog/view/theme/default/template/common/content_top.tpl on line 57
2017-10-21 7:14:11 - PHP Notice:  Undefined offset: 2 in /Applications/XAMPP/xamppfiles/htdocs/mittag2/catalog/view/theme/default/template/common/content_top.tpl on line 60
2017-10-21 7:15:23 - PHP Notice:  Undefined offset: 1 in /Applications/XAMPP/xamppfiles/htdocs/mittag2/catalog/view/theme/default/template/common/content_top.tpl on line 57
2017-10-21 7:15:23 - PHP Notice:  Undefined offset: 2 in /Applications/XAMPP/xamppfiles/htdocs/mittag2/catalog/view/theme/default/template/common/content_top.tpl on line 60
2017-10-21 7:15:55 - PHP Notice:  Undefined offset: 1 in /Applications/XAMPP/xamppfiles/htdocs/mittag2/catalog/view/theme/default/template/common/content_top.tpl on line 57
2017-10-21 7:15:55 - PHP Notice:  Undefined offset: 2 in /Applications/XAMPP/xamppfiles/htdocs/mittag2/catalog/view/theme/default/template/common/content_top.tpl on line 60
2017-10-21 7:16:13 - PHP Notice:  Undefined offset: 1 in /Applications/XAMPP/xamppfiles/htdocs/mittag2/catalog/view/theme/default/template/common/content_top.tpl on line 57
2017-10-21 7:16:13 - PHP Notice:  Undefined offset: 2 in /Applications/XAMPP/xamppfiles/htdocs/mittag2/catalog/view/theme/default/template/common/content_top.tpl on line 60
2017-10-21 7:18:33 - PHP Notice:  Undefined offset: 1 in /Applications/XAMPP/xamppfiles/htdocs/mittag2/catalog/view/theme/default/template/common/content_top.tpl on line 57
2017-10-21 7:18:33 - PHP Notice:  Undefined offset: 2 in /Applications/XAMPP/xamppfiles/htdocs/mittag2/catalog/view/theme/default/template/common/content_top.tpl on line 60
2017-10-21 7:19:59 - PHP Notice:  Undefined offset: 1 in /Applications/XAMPP/xamppfiles/htdocs/mittag2/catalog/view/theme/default/template/common/content_top.tpl on line 57
2017-10-21 7:19:59 - PHP Notice:  Undefined offset: 2 in /Applications/XAMPP/xamppfiles/htdocs/mittag2/catalog/view/theme/default/template/common/content_top.tpl on line 60
2017-10-21 7:20:08 - PHP Notice:  Undefined offset: 1 in /Applications/XAMPP/xamppfiles/htdocs/mittag2/catalog/view/theme/default/template/common/content_top.tpl on line 57
2017-10-21 7:20:08 - PHP Notice:  Undefined offset: 2 in /Applications/XAMPP/xamppfiles/htdocs/mittag2/catalog/view/theme/default/template/common/content_top.tpl on line 60
2017-10-21 7:21:36 - PHP Notice:  Undefined offset: 1 in /Applications/XAMPP/xamppfiles/htdocs/mittag2/catalog/view/theme/default/template/common/content_top.tpl on line 57
2017-10-21 7:21:36 - PHP Notice:  Undefined offset: 2 in /Applications/XAMPP/xamppfiles/htdocs/mittag2/catalog/view/theme/default/template/common/content_top.tpl on line 60
2017-10-21 7:28:12 - PHP Notice:  Undefined offset: 1 in /Applications/XAMPP/xamppfiles/htdocs/mittag2/catalog/view/theme/default/template/common/content_top.tpl on line 57
2017-10-21 7:28:12 - PHP Notice:  Undefined offset: 2 in /Applications/XAMPP/xamppfiles/htdocs/mittag2/catalog/view/theme/default/template/common/content_top.tpl on line 60
2017-10-21 7:33:42 - PHP Notice:  Undefined offset: 1 in /Applications/XAMPP/xamppfiles/htdocs/mittag2/catalog/view/theme/default/template/common/content_top.tpl on line 57
2017-10-21 7:33:42 - PHP Notice:  Undefined offset: 2 in /Applications/XAMPP/xamppfiles/htdocs/mittag2/catalog/view/theme/default/template/common/content_top.tpl on line 60
2017-10-21 7:35:34 - PHP Notice:  Undefined offset: 1 in /Applications/XAMPP/xamppfiles/htdocs/mittag2/catalog/view/theme/default/template/common/content_top.tpl on line 57
2017-10-21 7:35:34 - PHP Notice:  Undefined offset: 2 in /Applications/XAMPP/xamppfiles/htdocs/mittag2/catalog/view/theme/default/template/common/content_top.tpl on line 60
2017-10-21 7:35:39 - PHP Notice:  Undefined offset: 1 in /Applications/XAMPP/xamppfiles/htdocs/mittag2/catalog/view/theme/default/template/common/content_top.tpl on line 57
2017-10-21 7:35:39 - PHP Notice:  Undefined offset: 2 in /Applications/XAMPP/xamppfiles/htdocs/mittag2/catalog/view/theme/default/template/common/content_top.tpl on line 60
2017-10-21 7:41:30 - PHP Notice:  Undefined offset: 1 in /Applications/XAMPP/xamppfiles/htdocs/mittag2/catalog/view/theme/default/template/common/content_top.tpl on line 57
2017-10-21 7:41:30 - PHP Notice:  Undefined offset: 2 in /Applications/XAMPP/xamppfiles/htdocs/mittag2/catalog/view/theme/default/template/common/content_top.tpl on line 60
2017-10-21 7:41:34 - PHP Notice:  Undefined offset: 1 in /Applications/XAMPP/xamppfiles/htdocs/mittag2/catalog/view/theme/default/template/common/content_top.tpl on line 57
2017-10-21 7:41:34 - PHP Notice:  Undefined offset: 2 in /Applications/XAMPP/xamppfiles/htdocs/mittag2/catalog/view/theme/default/template/common/content_top.tpl on line 60
2017-10-21 7:42:12 - PHP Notice:  Undefined offset: 1 in /Applications/XAMPP/xamppfiles/htdocs/mittag2/catalog/view/theme/default/template/common/content_top.tpl on line 57
2017-10-21 7:42:12 - PHP Notice:  Undefined offset: 2 in /Applications/XAMPP/xamppfiles/htdocs/mittag2/catalog/view/theme/default/template/common/content_top.tpl on line 60
2017-10-21 7:53:49 - PHP Notice:  Undefined offset: 1 in /Applications/XAMPP/xamppfiles/htdocs/mittag2/catalog/view/theme/default/template/common/content_top.tpl on line 57
2017-10-21 7:53:49 - PHP Notice:  Undefined offset: 2 in /Applications/XAMPP/xamppfiles/htdocs/mittag2/catalog/view/theme/default/template/common/content_top.tpl on line 60
2017-10-21 7:54:30 - PHP Notice:  Undefined offset: 1 in /Applications/XAMPP/xamppfiles/htdocs/mittag2/catalog/view/theme/default/template/common/content_top.tpl on line 57
2017-10-21 7:54:30 - PHP Notice:  Undefined offset: 2 in /Applications/XAMPP/xamppfiles/htdocs/mittag2/catalog/view/theme/default/template/common/content_top.tpl on line 60
2017-10-21 10:49:06 - PHP Notice:  Undefined offset: 1 in /Applications/XAMPP/xamppfiles/htdocs/mittag2/catalog/view/theme/default/template/common/content_top.tpl on line 57
2017-10-21 10:49:06 - PHP Notice:  Undefined offset: 2 in /Applications/XAMPP/xamppfiles/htdocs/mittag2/catalog/view/theme/default/template/common/content_top.tpl on line 60
2017-10-21 10:49:10 - PHP Notice:  Undefined offset: 1 in /Applications/XAMPP/xamppfiles/htdocs/mittag2/catalog/view/theme/default/template/common/content_top.tpl on line 57
2017-10-21 10:49:10 - PHP Notice:  Undefined offset: 2 in /Applications/XAMPP/xamppfiles/htdocs/mittag2/catalog/view/theme/default/template/common/content_top.tpl on line 60
2017-10-21 10:51:20 - PHP Notice:  Undefined offset: 1 in /Applications/XAMPP/xamppfiles/htdocs/mittag2/catalog/view/theme/default/template/common/content_top.tpl on line 57
2017-10-21 10:51:20 - PHP Notice:  Undefined offset: 2 in /Applications/XAMPP/xamppfiles/htdocs/mittag2/catalog/view/theme/default/template/common/content_top.tpl on line 60
2017-10-21 10:51:25 - PHP Notice:  Undefined offset: 1 in /Applications/XAMPP/xamppfiles/htdocs/mittag2/catalog/view/theme/default/template/common/content_top.tpl on line 57
2017-10-21 10:51:25 - PHP Notice:  Undefined offset: 2 in /Applications/XAMPP/xamppfiles/htdocs/mittag2/catalog/view/theme/default/template/common/content_top.tpl on line 60
2017-10-21 11:05:25 - PHP Notice:  Undefined offset: 1 in /Applications/XAMPP/xamppfiles/htdocs/mittag2/catalog/view/theme/default/template/common/content_top.tpl on line 57
2017-10-21 11:05:25 - PHP Notice:  Undefined offset: 2 in /Applications/XAMPP/xamppfiles/htdocs/mittag2/catalog/view/theme/default/template/common/content_top.tpl on line 60
2017-10-21 11:05:28 - PHP Notice:  Undefined offset: 1 in /Applications/XAMPP/xamppfiles/htdocs/mittag2/catalog/view/theme/default/template/common/content_top.tpl on line 57
2017-10-21 11:05:28 - PHP Notice:  Undefined offset: 2 in /Applications/XAMPP/xamppfiles/htdocs/mittag2/catalog/view/theme/default/template/common/content_top.tpl on line 60
2017-10-21 11:05:31 - PHP Warning:  imagejpeg(/Applications/XAMPP/xamppfiles/htdocs/mittag2/image/cache/catalog/!IMG_3384_ok_pinkoi-228x228.jpg): failed to open stream: Permission denied in /Applications/XAMPP/xamppfiles/htdocs/mittag2/system/library/image.php on line 64
2017-10-21 11:05:34 - PHP Notice:  Undefined offset: 1 in /Applications/XAMPP/xamppfiles/htdocs/mittag2/catalog/view/theme/default/template/common/content_top.tpl on line 57
2017-10-21 11:05:34 - PHP Notice:  Undefined offset: 2 in /Applications/XAMPP/xamppfiles/htdocs/mittag2/catalog/view/theme/default/template/common/content_top.tpl on line 60
2017-10-21 11:05:36 - PHP Warning:  imagejpeg(/Applications/XAMPP/xamppfiles/htdocs/mittag2/image/cache/catalog/!IMG_3384_ok_pinkoi-228x228.jpg): failed to open stream: Permission denied in /Applications/XAMPP/xamppfiles/htdocs/mittag2/system/library/image.php on line 64
2017-10-21 11:23:17 - PHP Notice:  Undefined offset: 1 in /Applications/XAMPP/xamppfiles/htdocs/mittag2/catalog/view/theme/default/template/common/content_top.tpl on line 57
2017-10-21 11:23:17 - PHP Notice:  Undefined offset: 2 in /Applications/XAMPP/xamppfiles/htdocs/mittag2/catalog/view/theme/default/template/common/content_top.tpl on line 60
2017-10-21 11:23:20 - PHP Notice:  Undefined offset: 1 in /Applications/XAMPP/xamppfiles/htdocs/mittag2/catalog/view/theme/default/template/common/content_top.tpl on line 57
2017-10-21 11:23:20 - PHP Notice:  Undefined offset: 2 in /Applications/XAMPP/xamppfiles/htdocs/mittag2/catalog/view/theme/default/template/common/content_top.tpl on line 60
2017-10-21 11:23:22 - PHP Warning:  imagejpeg(/Applications/XAMPP/xamppfiles/htdocs/mittag2/image/cache/catalog/!IMG_3384_ok_pinkoi-228x228.jpg): failed to open stream: Permission denied in /Applications/XAMPP/xamppfiles/htdocs/mittag2/system/library/image.php on line 64
2017-10-21 11:23:26 - PHP Notice:  Undefined offset: 1 in /Applications/XAMPP/xamppfiles/htdocs/mittag2/catalog/view/theme/default/template/common/content_top.tpl on line 57
2017-10-21 11:23:26 - PHP Notice:  Undefined offset: 2 in /Applications/XAMPP/xamppfiles/htdocs/mittag2/catalog/view/theme/default/template/common/content_top.tpl on line 60
2017-10-21 11:23:57 - PHP Notice:  Undefined offset: 1 in /Applications/XAMPP/xamppfiles/htdocs/mittag2/catalog/view/theme/default/template/common/content_top.tpl on line 57
2017-10-21 11:23:57 - PHP Notice:  Undefined offset: 2 in /Applications/XAMPP/xamppfiles/htdocs/mittag2/catalog/view/theme/default/template/common/content_top.tpl on line 60
2017-10-21 11:24:00 - PHP Notice:  Undefined offset: 1 in /Applications/XAMPP/xamppfiles/htdocs/mittag2/catalog/view/theme/default/template/common/content_top.tpl on line 57
2017-10-21 11:24:00 - PHP Notice:  Undefined offset: 2 in /Applications/XAMPP/xamppfiles/htdocs/mittag2/catalog/view/theme/default/template/common/content_top.tpl on line 60
2017-10-21 11:24:02 - PHP Warning:  imagejpeg(/Applications/XAMPP/xamppfiles/htdocs/mittag2/image/cache/catalog/!IMG_3384_ok_pinkoi-228x228.jpg): failed to open stream: Permission denied in /Applications/XAMPP/xamppfiles/htdocs/mittag2/system/library/image.php on line 64
2017-10-21 11:28:24 - PHP Notice:  Undefined offset: 1 in /Applications/XAMPP/xamppfiles/htdocs/mittag2/catalog/view/theme/default/template/common/content_top.tpl on line 57
2017-10-21 11:28:24 - PHP Notice:  Undefined offset: 2 in /Applications/XAMPP/xamppfiles/htdocs/mittag2/catalog/view/theme/default/template/common/content_top.tpl on line 60
2017-10-21 11:28:28 - PHP Notice:  Undefined offset: 1 in /Applications/XAMPP/xamppfiles/htdocs/mittag2/catalog/view/theme/default/template/common/content_top.tpl on line 57
2017-10-21 11:28:28 - PHP Notice:  Undefined offset: 2 in /Applications/XAMPP/xamppfiles/htdocs/mittag2/catalog/view/theme/default/template/common/content_top.tpl on line 60
2017-10-21 13:50:11 - PHP Warning:  imagejpeg(/Applications/XAMPP/xamppfiles/htdocs/mittag2/image/cache/catalog/!IMG_3384_ok_pinkoi-47x47.jpg): failed to open stream: Permission denied in /Applications/XAMPP/xamppfiles/htdocs/mittag2/system/library/image.php on line 64
2017-10-21 13:50:11 - PHP Warning:  imagejpeg(/Applications/XAMPP/xamppfiles/htdocs/mittag2/image/cache/catalog/!IMG_3384_ok_pinkoi-47x47.jpg): failed to open stream: Permission denied in /Applications/XAMPP/xamppfiles/htdocs/mittag2/system/library/image.php on line 64
2017-10-21 13:51:59 - PHP Warning:  imagejpeg(/Applications/XAMPP/xamppfiles/htdocs/mittag2/image/cache/catalog/!IMG_3384_ok_pinkoi-47x47.jpg): failed to open stream: Permission denied in /Applications/XAMPP/xamppfiles/htdocs/mittag2/system/library/image.php on line 64
2017-10-21 13:51:59 - PHP Warning:  imagejpeg(/Applications/XAMPP/xamppfiles/htdocs/mittag2/image/cache/catalog/!IMG_3384_ok_pinkoi-47x47.jpg): failed to open stream: Permission denied in /Applications/XAMPP/xamppfiles/htdocs/mittag2/system/library/image.php on line 64
2017-10-21 13:52:28 - PHP Notice:  Undefined offset: 1 in /Applications/XAMPP/xamppfiles/htdocs/mittag2/catalog/view/theme/default/template/common/content_top.tpl on line 57
2017-10-21 13:52:28 - PHP Notice:  Undefined offset: 2 in /Applications/XAMPP/xamppfiles/htdocs/mittag2/catalog/view/theme/default/template/common/content_top.tpl on line 60
2017-10-21 13:52:32 - PHP Notice:  Undefined offset: 1 in /Applications/XAMPP/xamppfiles/htdocs/mittag2/catalog/view/theme/default/template/common/content_top.tpl on line 57
2017-10-21 13:52:32 - PHP Notice:  Undefined offset: 2 in /Applications/XAMPP/xamppfiles/htdocs/mittag2/catalog/view/theme/default/template/common/content_top.tpl on line 60
2017-10-21 14:34:44 - PHP Notice:  Undefined offset: 1 in /Applications/XAMPP/xamppfiles/htdocs/mittag2/catalog/view/theme/default/template/common/content_top.tpl on line 57
2017-10-21 14:34:44 - PHP Notice:  Undefined offset: 2 in /Applications/XAMPP/xamppfiles/htdocs/mittag2/catalog/view/theme/default/template/common/content_top.tpl on line 60
2017-10-22 6:30:50 - PHP Notice:  Undefined offset: 1 in /Applications/XAMPP/xamppfiles/htdocs/mittag2/catalog/view/theme/default/template/common/content_top.tpl on line 57
2017-10-22 6:30:50 - PHP Notice:  Undefined offset: 2 in /Applications/XAMPP/xamppfiles/htdocs/mittag2/catalog/view/theme/default/template/common/content_top.tpl on line 60
2017-10-22 6:30:55 - PHP Notice:  Undefined offset: 1 in /Applications/XAMPP/xamppfiles/htdocs/mittag2/catalog/view/theme/default/template/common/content_top.tpl on line 57
2017-10-22 6:30:55 - PHP Notice:  Undefined offset: 2 in /Applications/XAMPP/xamppfiles/htdocs/mittag2/catalog/view/theme/default/template/common/content_top.tpl on line 60
2017-10-22 6:31:02 - PHP Notice:  Undefined offset: 1 in /Applications/XAMPP/xamppfiles/htdocs/mittag2/catalog/view/theme/default/template/common/content_top.tpl on line 57
2017-10-22 6:31:02 - PHP Notice:  Undefined offset: 2 in /Applications/XAMPP/xamppfiles/htdocs/mittag2/catalog/view/theme/default/template/common/content_top.tpl on line 60
2017-10-22 6:31:09 - PHP Notice:  Undefined offset: 1 in /Applications/XAMPP/xamppfiles/htdocs/mittag2/catalog/view/theme/default/template/common/content_top.tpl on line 57
2017-10-22 6:31:09 - PHP Notice:  Undefined offset: 2 in /Applications/XAMPP/xamppfiles/htdocs/mittag2/catalog/view/theme/default/template/common/content_top.tpl on line 60
2017-10-22 6:31:17 - PHP Notice:  Undefined offset: 1 in /Applications/XAMPP/xamppfiles/htdocs/mittag2/catalog/view/theme/default/template/common/content_top.tpl on line 57
2017-10-22 6:31:17 - PHP Notice:  Undefined offset: 2 in /Applications/XAMPP/xamppfiles/htdocs/mittag2/catalog/view/theme/default/template/common/content_top.tpl on line 60
2017-10-23 14:47:58 - PHP Notice:  Undefined offset: 1 in /Applications/XAMPP/xamppfiles/htdocs/mittag2/catalog/view/theme/default/template/common/content_top.tpl on line 57
2017-10-23 14:47:58 - PHP Notice:  Undefined offset: 2 in /Applications/XAMPP/xamppfiles/htdocs/mittag2/catalog/view/theme/default/template/common/content_top.tpl on line 60
2017-10-23 14:48:04 - PHP Notice:  Undefined offset: 1 in /Applications/XAMPP/xamppfiles/htdocs/mittag2/catalog/view/theme/default/template/common/content_top.tpl on line 57
2017-10-23 14:48:04 - PHP Notice:  Undefined offset: 2 in /Applications/XAMPP/xamppfiles/htdocs/mittag2/catalog/view/theme/default/template/common/content_top.tpl on line 60
2017-10-23 14:50:17 - PHP Notice:  Undefined offset: 1 in /Applications/XAMPP/xamppfiles/htdocs/mittag2/catalog/view/theme/default/template/common/content_top.tpl on line 57
2017-10-23 14:50:17 - PHP Notice:  Undefined offset: 2 in /Applications/XAMPP/xamppfiles/htdocs/mittag2/catalog/view/theme/default/template/common/content_top.tpl on line 60
2017-10-23 14:50:19 - PHP Notice:  Undefined offset: 1 in /Applications/XAMPP/xamppfiles/htdocs/mittag2/catalog/view/theme/default/template/common/content_top.tpl on line 57
2017-10-23 14:50:19 - PHP Notice:  Undefined offset: 2 in /Applications/XAMPP/xamppfiles/htdocs/mittag2/catalog/view/theme/default/template/common/content_top.tpl on line 60
2017-10-23 14:52:03 - PHP Notice:  Undefined offset: 1 in /Applications/XAMPP/xamppfiles/htdocs/mittag2/catalog/view/theme/default/template/common/content_top.tpl on line 57
2017-10-23 14:52:03 - PHP Notice:  Undefined offset: 2 in /Applications/XAMPP/xamppfiles/htdocs/mittag2/catalog/view/theme/default/template/common/content_top.tpl on line 60
2017-10-23 14:52:09 - PHP Notice:  Undefined offset: 1 in /Applications/XAMPP/xamppfiles/htdocs/mittag2/catalog/view/theme/default/template/common/content_top.tpl on line 57
2017-10-23 14:52:09 - PHP Notice:  Undefined offset: 2 in /Applications/XAMPP/xamppfiles/htdocs/mittag2/catalog/view/theme/default/template/common/content_top.tpl on line 60
2017-10-23 14:52:19 - PHP Notice:  Undefined offset: 1 in /Applications/XAMPP/xamppfiles/htdocs/mittag2/catalog/view/theme/default/template/common/content_top.tpl on line 57
2017-10-23 14:52:19 - PHP Notice:  Undefined offset: 2 in /Applications/XAMPP/xamppfiles/htdocs/mittag2/catalog/view/theme/default/template/common/content_top.tpl on line 60
2017-10-23 15:14:53 - PHP Notice:  Undefined offset: 1 in /Applications/XAMPP/xamppfiles/htdocs/mittag2/catalog/view/theme/default/template/common/content_top.tpl on line 57
2017-10-23 15:14:53 - PHP Notice:  Undefined offset: 2 in /Applications/XAMPP/xamppfiles/htdocs/mittag2/catalog/view/theme/default/template/common/content_top.tpl on line 60
2017-10-23 15:14:57 - PHP Notice:  Undefined offset: 1 in /Applications/XAMPP/xamppfiles/htdocs/mittag2/catalog/view/theme/default/template/common/content_top.tpl on line 57
2017-10-23 15:14:57 - PHP Notice:  Undefined offset: 2 in /Applications/XAMPP/xamppfiles/htdocs/mittag2/catalog/view/theme/default/template/common/content_top.tpl on line 60
2017-10-24 15:16:21 - PHP Notice:  Undefined offset: 1 in /Applications/XAMPP/xamppfiles/htdocs/mittag2/catalog/view/theme/default/template/common/content_top.tpl on line 57
2017-10-24 15:16:21 - PHP Notice:  Undefined offset: 2 in /Applications/XAMPP/xamppfiles/htdocs/mittag2/catalog/view/theme/default/template/common/content_top.tpl on line 60
2017-10-24 15:16:58 - PHP Notice:  Undefined offset: 1 in /Applications/XAMPP/xamppfiles/htdocs/mittag2/catalog/view/theme/default/template/common/content_top.tpl on line 57
2017-10-24 15:16:58 - PHP Notice:  Undefined offset: 2 in /Applications/XAMPP/xamppfiles/htdocs/mittag2/catalog/view/theme/default/template/common/content_top.tpl on line 60
2017-10-24 15:26:26 - PHP Notice:  Undefined offset: 2 in /Applications/XAMPP/xamppfiles/htdocs/mittag2/catalog/view/theme/default/template/common/content_top.tpl on line 60
2017-10-24 15:26:30 - PHP Notice:  Undefined offset: 2 in /Applications/XAMPP/xamppfiles/htdocs/mittag2/catalog/view/theme/default/template/common/content_top.tpl on line 60
2017-10-24 15:26:32 - PHP Notice:  Undefined offset: 2 in /Applications/XAMPP/xamppfiles/htdocs/mittag2/catalog/view/theme/default/template/common/content_top.tpl on line 60
2017-10-24 15:26:34 - PHP Notice:  Undefined offset: 2 in /Applications/XAMPP/xamppfiles/htdocs/mittag2/catalog/view/theme/default/template/common/content_top.tpl on line 60
2017-10-24 15:26:43 - PHP Notice:  Undefined offset: 2 in /Applications/XAMPP/xamppfiles/htdocs/mittag2/catalog/view/theme/default/template/common/content_top.tpl on line 60
2017-10-24 15:26:45 - PHP Notice:  Undefined offset: 2 in /Applications/XAMPP/xamppfiles/htdocs/mittag2/catalog/view/theme/default/template/common/content_top.tpl on line 60
2017-10-24 15:26:49 - PHP Notice:  Undefined offset: 2 in /Applications/XAMPP/xamppfiles/htdocs/mittag2/catalog/view/theme/default/template/common/content_top.tpl on line 60
2017-10-24 15:29:35 - PHP Notice:  Undefined offset: 1 in /Applications/XAMPP/xamppfiles/htdocs/mittag2/catalog/view/theme/default/template/common/content_top.tpl on line 57
2017-10-24 15:29:35 - PHP Notice:  Undefined offset: 2 in /Applications/XAMPP/xamppfiles/htdocs/mittag2/catalog/view/theme/default/template/common/content_top.tpl on line 60
2017-10-24 15:30:43 - PHP Notice:  Undefined offset: 1 in /Applications/XAMPP/xamppfiles/htdocs/mittag2/catalog/view/theme/default/template/common/content_top.tpl on line 57
2017-10-24 15:30:43 - PHP Notice:  Undefined offset: 2 in /Applications/XAMPP/xamppfiles/htdocs/mittag2/catalog/view/theme/default/template/common/content_top.tpl on line 60
2017-10-24 15:31:10 - PHP Notice:  Undefined offset: 1 in /Applications/XAMPP/xamppfiles/htdocs/mittag2/catalog/view/theme/default/template/common/content_top.tpl on line 57
2017-10-24 15:31:10 - PHP Notice:  Undefined offset: 2 in /Applications/XAMPP/xamppfiles/htdocs/mittag2/catalog/view/theme/default/template/common/content_top.tpl on line 60
2017-10-24 15:31:13 - PHP Notice:  Undefined offset: 1 in /Applications/XAMPP/xamppfiles/htdocs/mittag2/catalog/view/theme/default/template/common/content_top.tpl on line 57
2017-10-24 15:31:13 - PHP Notice:  Undefined offset: 2 in /Applications/XAMPP/xamppfiles/htdocs/mittag2/catalog/view/theme/default/template/common/content_top.tpl on line 60
2017-10-24 15:32:29 - PHP Notice:  Undefined offset: 1 in /Applications/XAMPP/xamppfiles/htdocs/mittag2/catalog/view/theme/default/template/common/content_top.tpl on line 57
2017-10-24 15:32:29 - PHP Notice:  Undefined offset: 2 in /Applications/XAMPP/xamppfiles/htdocs/mittag2/catalog/view/theme/default/template/common/content_top.tpl on line 60
2017-10-24 15:32:32 - PHP Notice:  Undefined offset: 1 in /Applications/XAMPP/xamppfiles/htdocs/mittag2/catalog/view/theme/default/template/common/content_top.tpl on line 57
2017-10-24 15:32:32 - PHP Notice:  Undefined offset: 2 in /Applications/XAMPP/xamppfiles/htdocs/mittag2/catalog/view/theme/default/template/common/content_top.tpl on line 60
2017-10-24 15:32:39 - PHP Notice:  Undefined offset: 1 in /Applications/XAMPP/xamppfiles/htdocs/mittag2/catalog/view/theme/default/template/common/content_top.tpl on line 57
2017-10-24 15:32:39 - PHP Notice:  Undefined offset: 2 in /Applications/XAMPP/xamppfiles/htdocs/mittag2/catalog/view/theme/default/template/common/content_top.tpl on line 60
2017-10-24 15:38:45 - PHP Notice:  Undefined offset: 1 in /Applications/XAMPP/xamppfiles/htdocs/mittag2/catalog/view/theme/default/template/common/content_top.tpl on line 57
2017-10-24 15:38:45 - PHP Notice:  Undefined offset: 2 in /Applications/XAMPP/xamppfiles/htdocs/mittag2/catalog/view/theme/default/template/common/content_top.tpl on line 60
2017-10-24 15:39:13 - PHP Notice:  Undefined offset: 1 in /Applications/XAMPP/xamppfiles/htdocs/mittag2/catalog/view/theme/default/template/common/content_top.tpl on line 57
2017-10-24 15:39:13 - PHP Notice:  Undefined offset: 2 in /Applications/XAMPP/xamppfiles/htdocs/mittag2/catalog/view/theme/default/template/common/content_top.tpl on line 60
2017-10-24 15:39:30 - PHP Notice:  Undefined offset: 1 in /Applications/XAMPP/xamppfiles/htdocs/mittag2/catalog/view/theme/default/template/common/content_top.tpl on line 57
2017-10-24 15:39:30 - PHP Notice:  Undefined offset: 2 in /Applications/XAMPP/xamppfiles/htdocs/mittag2/catalog/view/theme/default/template/common/content_top.tpl on line 60
2017-10-24 15:39:51 - PHP Notice:  Undefined offset: 2 in /Applications/XAMPP/xamppfiles/htdocs/mittag2/catalog/view/theme/default/template/common/content_top.tpl on line 60
2017-10-24 15:41:09 - PHP Notice:  Undefined offset: 2 in /Applications/XAMPP/xamppfiles/htdocs/mittag2/catalog/view/theme/default/template/common/content_top.tpl on line 60
2017-10-24 15:41:19 - PHP Notice:  Undefined offset: 2 in /Applications/XAMPP/xamppfiles/htdocs/mittag2/catalog/view/theme/default/template/common/content_top.tpl on line 60
2017-10-28 14:03:30 - PHP Warning:  ftp_login(): Login incorrect. in /Applications/XAMPP/xamppfiles/htdocs/mittag2/admin/controller/extension/installer.php on line 294
2017-10-28 14:17:38 - PHP Warning:  ftp_login(): Login incorrect. in /Applications/XAMPP/xamppfiles/htdocs/mittag2/admin/controller/extension/installer.php on line 294
2017-10-28 14:17:50 - PHP Warning:  ftp_login(): Login incorrect. in /Applications/XAMPP/xamppfiles/htdocs/mittag2/admin/controller/extension/installer.php on line 294
2017-10-28 14:30:45 - PHP Warning:  ftp_login(): Login incorrect. in /Applications/XAMPP/xamppfiles/htdocs/mittag2/admin/controller/extension/installer.php on line 294
2017-10-28 15:25:56 - PHP Notice:  Undefined variable: cancel in /Applications/XAMPP/xamppfiles/htdocs/mittag2/admin/view/template/common/email.tpl on line 15
2017-10-28 15:25:56 - PHP Notice:  Undefined variable: button_cancel in /Applications/XAMPP/xamppfiles/htdocs/mittag2/admin/view/template/common/email.tpl on line 15
2017-10-28 15:34:16 - PHP Notice:  Undefined variable: language in /Applications/XAMPP/xamppfiles/htdocs/mittag2/admin/view/template/common/blog.tpl on line 4
2017-10-28 15:34:16 - PHP Notice:  Undefined variable: entry_name in /Applications/XAMPP/xamppfiles/htdocs/mittag2/admin/view/template/common/blog.tpl on line 4
2017-10-28 15:34:16 - PHP Notice:  Undefined variable: language in /Applications/XAMPP/xamppfiles/htdocs/mittag2/admin/view/template/common/blog.tpl on line 6
2017-10-28 15:34:16 - PHP Notice:  Undefined variable: language in /Applications/XAMPP/xamppfiles/htdocs/mittag2/admin/view/template/common/blog.tpl on line 6
2017-10-28 15:34:16 - PHP Notice:  Undefined variable: entry_name in /Applications/XAMPP/xamppfiles/htdocs/mittag2/admin/view/template/common/blog.tpl on line 6
2017-10-28 15:34:16 - PHP Notice:  Undefined variable: language in /Applications/XAMPP/xamppfiles/htdocs/mittag2/admin/view/template/common/blog.tpl on line 6
2017-10-28 15:34:16 - PHP Notice:  Undefined variable: language in /Applications/XAMPP/xamppfiles/htdocs/mittag2/admin/view/template/common/blog.tpl on line 7
2017-10-28 15:34:16 - PHP Notice:  Undefined variable: help_category in /Applications/XAMPP/xamppfiles/htdocs/mittag2/admin/view/template/common/blog.tpl on line 13
2017-10-28 15:34:16 - PHP Notice:  Undefined variable: product_categories in /Applications/XAMPP/xamppfiles/htdocs/mittag2/admin/view/template/common/blog.tpl on line 17
2017-10-28 15:34:16 - PHP Warning:  Invalid argument supplied for foreach() in /Applications/XAMPP/xamppfiles/htdocs/mittag2/admin/view/template/common/blog.tpl on line 17
2017-10-28 15:34:16 - PHP Notice:  Undefined variable: language in /Applications/XAMPP/xamppfiles/htdocs/mittag2/admin/view/template/common/blog.tpl on line 26
2017-10-28 15:34:16 - PHP Notice:  Undefined variable: entry_description in /Applications/XAMPP/xamppfiles/htdocs/mittag2/admin/view/template/common/blog.tpl on line 26
2017-10-28 15:34:16 - PHP Notice:  Undefined variable: language in /Applications/XAMPP/xamppfiles/htdocs/mittag2/admin/view/template/common/blog.tpl on line 28
2017-10-28 15:34:16 - PHP Notice:  Undefined variable: entry_description in /Applications/XAMPP/xamppfiles/htdocs/mittag2/admin/view/template/common/blog.tpl on line 28
2017-10-28 15:34:16 - PHP Notice:  Undefined variable: language in /Applications/XAMPP/xamppfiles/htdocs/mittag2/admin/view/template/common/blog.tpl on line 28
2017-10-28 15:34:16 - PHP Notice:  Undefined variable: language in /Applications/XAMPP/xamppfiles/htdocs/mittag2/admin/view/template/common/blog.tpl on line 28
2017-10-28 15:34:16 - PHP Notice:  Undefined variable: language in /Applications/XAMPP/xamppfiles/htdocs/mittag2/admin/view/template/common/blog.tpl on line 32
2017-10-28 15:34:16 - PHP Notice:  Undefined variable: entry_meta_title in /Applications/XAMPP/xamppfiles/htdocs/mittag2/admin/view/template/common/blog.tpl on line 32
2017-10-28 15:34:16 - PHP Notice:  Undefined variable: language in /Applications/XAMPP/xamppfiles/htdocs/mittag2/admin/view/template/common/blog.tpl on line 34
2017-10-28 15:34:16 - PHP Notice:  Undefined variable: language in /Applications/XAMPP/xamppfiles/htdocs/mittag2/admin/view/template/common/blog.tpl on line 34
2017-10-28 15:34:16 - PHP Notice:  Undefined variable: entry_meta_title in /Applications/XAMPP/xamppfiles/htdocs/mittag2/admin/view/template/common/blog.tpl on line 34
2017-10-28 15:34:16 - PHP Notice:  Undefined variable: language in /Applications/XAMPP/xamppfiles/htdocs/mittag2/admin/view/template/common/blog.tpl on line 34
2017-10-28 15:34:16 - PHP Notice:  Undefined variable: language in /Applications/XAMPP/xamppfiles/htdocs/mittag2/admin/view/template/common/blog.tpl on line 35
2017-10-28 15:34:16 - PHP Notice:  Undefined variable: language in /Applications/XAMPP/xamppfiles/htdocs/mittag2/admin/view/template/common/blog.tpl on line 41
2017-10-28 15:34:16 - PHP Notice:  Undefined variable: entry_meta_description in /Applications/XAMPP/xamppfiles/htdocs/mittag2/admin/view/template/common/blog.tpl on line 41
2017-10-28 15:34:16 - PHP Notice:  Undefined variable: language in /Applications/XAMPP/xamppfiles/htdocs/mittag2/admin/view/template/common/blog.tpl on line 43
2017-10-28 15:34:16 - PHP Notice:  Undefined variable: entry_meta_description in /Applications/XAMPP/xamppfiles/htdocs/mittag2/admin/view/template/common/blog.tpl on line 43
2017-10-28 15:34:16 - PHP Notice:  Undefined variable: language in /Applications/XAMPP/xamppfiles/htdocs/mittag2/admin/view/template/common/blog.tpl on line 43
2017-10-28 15:34:16 - PHP Notice:  Undefined variable: language in /Applications/XAMPP/xamppfiles/htdocs/mittag2/admin/view/template/common/blog.tpl on line 43
2017-10-28 15:51:06 - PHP Notice:  Undefined variable: language in /Applications/XAMPP/xamppfiles/htdocs/mittag2/admin/view/template/common/blog.tpl on line 4
2017-10-28 15:51:06 - PHP Notice:  Undefined variable: entry_name in /Applications/XAMPP/xamppfiles/htdocs/mittag2/admin/view/template/common/blog.tpl on line 4
2017-10-28 15:51:06 - PHP Notice:  Undefined variable: language in /Applications/XAMPP/xamppfiles/htdocs/mittag2/admin/view/template/common/blog.tpl on line 6
2017-10-28 15:51:06 - PHP Notice:  Undefined variable: language in /Applications/XAMPP/xamppfiles/htdocs/mittag2/admin/view/template/common/blog.tpl on line 6
2017-10-28 15:51:06 - PHP Notice:  Undefined variable: entry_name in /Applications/XAMPP/xamppfiles/htdocs/mittag2/admin/view/template/common/blog.tpl on line 6
2017-10-28 15:51:06 - PHP Notice:  Undefined variable: language in /Applications/XAMPP/xamppfiles/htdocs/mittag2/admin/view/template/common/blog.tpl on line 6
2017-10-28 15:51:06 - PHP Notice:  Undefined variable: language in /Applications/XAMPP/xamppfiles/htdocs/mittag2/admin/view/template/common/blog.tpl on line 7
2017-10-28 15:51:06 - PHP Notice:  Undefined variable: help_category in /Applications/XAMPP/xamppfiles/htdocs/mittag2/admin/view/template/common/blog.tpl on line 13
2017-10-28 15:51:06 - PHP Notice:  Undefined variable: product_categories in /Applications/XAMPP/xamppfiles/htdocs/mittag2/admin/view/template/common/blog.tpl on line 17
2017-10-28 15:51:06 - PHP Warning:  Invalid argument supplied for foreach() in /Applications/XAMPP/xamppfiles/htdocs/mittag2/admin/view/template/common/blog.tpl on line 17
2017-10-28 15:51:06 - PHP Notice:  Undefined variable: language in /Applications/XAMPP/xamppfiles/htdocs/mittag2/admin/view/template/common/blog.tpl on line 26
2017-10-28 15:51:06 - PHP Notice:  Undefined variable: entry_description in /Applications/XAMPP/xamppfiles/htdocs/mittag2/admin/view/template/common/blog.tpl on line 26
2017-10-28 15:51:06 - PHP Notice:  Undefined variable: language in /Applications/XAMPP/xamppfiles/htdocs/mittag2/admin/view/template/common/blog.tpl on line 28
2017-10-28 15:51:06 - PHP Notice:  Undefined variable: entry_description in /Applications/XAMPP/xamppfiles/htdocs/mittag2/admin/view/template/common/blog.tpl on line 28
2017-10-28 15:51:06 - PHP Notice:  Undefined variable: language in /Applications/XAMPP/xamppfiles/htdocs/mittag2/admin/view/template/common/blog.tpl on line 28
2017-10-28 15:51:06 - PHP Notice:  Undefined variable: language in /Applications/XAMPP/xamppfiles/htdocs/mittag2/admin/view/template/common/blog.tpl on line 28
2017-10-28 15:51:06 - PHP Notice:  Undefined variable: language in /Applications/XAMPP/xamppfiles/htdocs/mittag2/admin/view/template/common/blog.tpl on line 32
2017-10-28 15:51:06 - PHP Notice:  Undefined variable: entry_meta_title in /Applications/XAMPP/xamppfiles/htdocs/mittag2/admin/view/template/common/blog.tpl on line 32
2017-10-28 15:51:06 - PHP Notice:  Undefined variable: language in /Applications/XAMPP/xamppfiles/htdocs/mittag2/admin/view/template/common/blog.tpl on line 34
2017-10-28 15:51:06 - PHP Notice:  Undefined variable: language in /Applications/XAMPP/xamppfiles/htdocs/mittag2/admin/view/template/common/blog.tpl on line 34
2017-10-28 15:51:06 - PHP Notice:  Undefined variable: entry_meta_title in /Applications/XAMPP/xamppfiles/htdocs/mittag2/admin/view/template/common/blog.tpl on line 34
2017-10-28 15:51:06 - PHP Notice:  Undefined variable: language in /Applications/XAMPP/xamppfiles/htdocs/mittag2/admin/view/template/common/blog.tpl on line 34
2017-10-28 15:51:06 - PHP Notice:  Undefined variable: language in /Applications/XAMPP/xamppfiles/htdocs/mittag2/admin/view/template/common/blog.tpl on line 35
2017-10-28 15:51:06 - PHP Notice:  Undefined variable: language in /Applications/XAMPP/xamppfiles/htdocs/mittag2/admin/view/template/common/blog.tpl on line 41
2017-10-28 15:51:06 - PHP Notice:  Undefined variable: entry_meta_description in /Applications/XAMPP/xamppfiles/htdocs/mittag2/admin/view/template/common/blog.tpl on line 41
2017-10-28 15:51:06 - PHP Notice:  Undefined variable: language in /Applications/XAMPP/xamppfiles/htdocs/mittag2/admin/view/template/common/blog.tpl on line 43
2017-10-28 15:51:06 - PHP Notice:  Undefined variable: entry_meta_description in /Applications/XAMPP/xamppfiles/htdocs/mittag2/admin/view/template/common/blog.tpl on line 43
2017-10-28 15:51:06 - PHP Notice:  Undefined variable: language in /Applications/XAMPP/xamppfiles/htdocs/mittag2/admin/view/template/common/blog.tpl on line 43
2017-10-28 15:51:06 - PHP Notice:  Undefined variable: language in /Applications/XAMPP/xamppfiles/htdocs/mittag2/admin/view/template/common/blog.tpl on line 43
2017-10-28 15:52:28 - PHP Notice:  Undefined variable: language in /Applications/XAMPP/xamppfiles/htdocs/mittag2/admin/view/template/common/blog.tpl on line 4
2017-10-28 15:52:28 - PHP Notice:  Undefined variable: entry_name in /Applications/XAMPP/xamppfiles/htdocs/mittag2/admin/view/template/common/blog.tpl on line 4
2017-10-28 15:52:28 - PHP Notice:  Undefined variable: language in /Applications/XAMPP/xamppfiles/htdocs/mittag2/admin/view/template/common/blog.tpl on line 6
2017-10-28 15:52:28 - PHP Notice:  Undefined variable: language in /Applications/XAMPP/xamppfiles/htdocs/mittag2/admin/view/template/common/blog.tpl on line 6
2017-10-28 15:52:28 - PHP Notice:  Undefined variable: entry_name in /Applications/XAMPP/xamppfiles/htdocs/mittag2/admin/view/template/common/blog.tpl on line 6
2017-10-28 15:52:28 - PHP Notice:  Undefined variable: language in /Applications/XAMPP/xamppfiles/htdocs/mittag2/admin/view/template/common/blog.tpl on line 6
2017-10-28 15:52:28 - PHP Notice:  Undefined variable: language in /Applications/XAMPP/xamppfiles/htdocs/mittag2/admin/view/template/common/blog.tpl on line 7
2017-10-28 15:52:28 - PHP Notice:  Undefined variable: help_category in /Applications/XAMPP/xamppfiles/htdocs/mittag2/admin/view/template/common/blog.tpl on line 13
2017-10-28 15:52:28 - PHP Notice:  Undefined variable: product_categories in /Applications/XAMPP/xamppfiles/htdocs/mittag2/admin/view/template/common/blog.tpl on line 17
2017-10-28 15:52:28 - PHP Warning:  Invalid argument supplied for foreach() in /Applications/XAMPP/xamppfiles/htdocs/mittag2/admin/view/template/common/blog.tpl on line 17
2017-10-28 15:52:28 - PHP Notice:  Undefined variable: language in /Applications/XAMPP/xamppfiles/htdocs/mittag2/admin/view/template/common/blog.tpl on line 26
2017-10-28 15:52:28 - PHP Notice:  Undefined variable: entry_description in /Applications/XAMPP/xamppfiles/htdocs/mittag2/admin/view/template/common/blog.tpl on line 26
2017-10-28 15:52:28 - PHP Notice:  Undefined variable: language in /Applications/XAMPP/xamppfiles/htdocs/mittag2/admin/view/template/common/blog.tpl on line 28
2017-10-28 15:52:28 - PHP Notice:  Undefined variable: entry_description in /Applications/XAMPP/xamppfiles/htdocs/mittag2/admin/view/template/common/blog.tpl on line 28
2017-10-28 15:52:28 - PHP Notice:  Undefined variable: language in /Applications/XAMPP/xamppfiles/htdocs/mittag2/admin/view/template/common/blog.tpl on line 28
2017-10-28 15:52:28 - PHP Notice:  Undefined variable: language in /Applications/XAMPP/xamppfiles/htdocs/mittag2/admin/view/template/common/blog.tpl on line 28
2017-10-28 15:52:28 - PHP Notice:  Undefined variable: language in /Applications/XAMPP/xamppfiles/htdocs/mittag2/admin/view/template/common/blog.tpl on line 32
2017-10-28 15:52:28 - PHP Notice:  Undefined variable: entry_meta_title in /Applications/XAMPP/xamppfiles/htdocs/mittag2/admin/view/template/common/blog.tpl on line 32
2017-10-28 15:52:28 - PHP Notice:  Undefined variable: language in /Applications/XAMPP/xamppfiles/htdocs/mittag2/admin/view/template/common/blog.tpl on line 34
2017-10-28 15:52:28 - PHP Notice:  Undefined variable: language in /Applications/XAMPP/xamppfiles/htdocs/mittag2/admin/view/template/common/blog.tpl on line 34
2017-10-28 15:52:28 - PHP Notice:  Undefined variable: entry_meta_title in /Applications/XAMPP/xamppfiles/htdocs/mittag2/admin/view/template/common/blog.tpl on line 34
2017-10-28 15:52:28 - PHP Notice:  Undefined variable: language in /Applications/XAMPP/xamppfiles/htdocs/mittag2/admin/view/template/common/blog.tpl on line 34
2017-10-28 15:52:28 - PHP Notice:  Undefined variable: language in /Applications/XAMPP/xamppfiles/htdocs/mittag2/admin/view/template/common/blog.tpl on line 35
2017-10-28 15:52:28 - PHP Notice:  Undefined variable: language in /Applications/XAMPP/xamppfiles/htdocs/mittag2/admin/view/template/common/blog.tpl on line 41
2017-10-28 15:52:28 - PHP Notice:  Undefined variable: entry_meta_description in /Applications/XAMPP/xamppfiles/htdocs/mittag2/admin/view/template/common/blog.tpl on line 41
2017-10-28 15:52:28 - PHP Notice:  Undefined variable: language in /Applications/XAMPP/xamppfiles/htdocs/mittag2/admin/view/template/common/blog.tpl on line 43
2017-10-28 15:52:28 - PHP Notice:  Undefined variable: entry_meta_description in /Applications/XAMPP/xamppfiles/htdocs/mittag2/admin/view/template/common/blog.tpl on line 43
2017-10-28 15:52:28 - PHP Notice:  Undefined variable: language in /Applications/XAMPP/xamppfiles/htdocs/mittag2/admin/view/template/common/blog.tpl on line 43
2017-10-28 15:52:28 - PHP Notice:  Undefined variable: language in /Applications/XAMPP/xamppfiles/htdocs/mittag2/admin/view/template/common/blog.tpl on line 43
2017-10-28 16:34:57 - PHP Notice:  Undefined offset: 1 in /Applications/XAMPP/xamppfiles/htdocs/mittag2/catalog/view/theme/default/template/common/content_top.tpl on line 58
2017-10-28 16:53:14 - PHP Notice:  Undefined offset: 1 in /Applications/XAMPP/xamppfiles/htdocs/mittag2/catalog/view/theme/default/template/common/content_top.tpl on line 58
2017-10-28 16:53:31 - PHP Notice:  Undefined offset: 1 in /Applications/XAMPP/xamppfiles/htdocs/mittag2/catalog/view/theme/default/template/common/content_top.tpl on line 58
2017-10-28 17:13:08 - PHP Notice:  Undefined offset: 1 in /Applications/XAMPP/xamppfiles/htdocs/mittag2/catalog/view/theme/default/template/common/content_top.tpl on line 58
2017-11-03 15:31:51 - PHP Notice:  Undefined variable: activity_title in /Applications/XAMPP/xamppfiles/htdocs/mittag2/admin/view/template/catalog/product_form.tpl on line 209
2017-11-03 15:33:39 - PHP Notice:  Undefined index: activity_title in /Applications/XAMPP/xamppfiles/htdocs/mittag2/admin/controller/catalog/product.php on line 1139
2017-11-03 16:24:28 - PHP Notice:  Undefined index: activity_desc in /Applications/XAMPP/xamppfiles/htdocs/mittag2/admin/controller/catalog/product.php on line 1139
2017-11-03 16:24:28 - PHP Notice:  Undefined variable:  in /Applications/XAMPP/xamppfiles/htdocs/mittag2/admin/view/template/catalog/product_form.tpl on line 215
2017-11-03 16:25:11 - PHP Notice:  Undefined index: activity_desc in /Applications/XAMPP/xamppfiles/htdocs/mittag2/admin/controller/catalog/product.php on line 1139
2017-11-04 9:33:56 - PHP Notice:  Undefined index: activity_title in /Applications/XAMPP/xamppfiles/htdocs/mittag2/catalog/controller/extension/module/latest.php on line 28
2017-11-04 13:17:23 - PHP Notice:  Undefined variable: eng_name in /Applications/XAMPP/xamppfiles/htdocs/mittag2/admin/view/template/catalog/product_form.tpl on line 68
2017-11-04 13:18:27 - PHP Notice:  Undefined index: eng_name in /Applications/XAMPP/xamppfiles/htdocs/mittag2/admin/controller/catalog/product.php on line 1147
2017-11-05 15:06:18 - PHP Warning:  imagecreatetruecolor() expects parameter 1 to be long, string given in /Applications/XAMPP/xamppfiles/htdocs/mittag2/system/library/image.php on line 105
2017-11-05 15:06:18 - PHP Warning:  imagecolorallocate() expects parameter 1 to be resource, null given in /Applications/XAMPP/xamppfiles/htdocs/mittag2/system/library/image.php on line 113
2017-11-05 15:06:18 - PHP Warning:  imagefilledrectangle() expects parameter 1 to be resource, null given in /Applications/XAMPP/xamppfiles/htdocs/mittag2/system/library/image.php on line 116
2017-11-05 15:06:18 - PHP Warning:  imagecopyresampled() expects parameter 1 to be resource, null given in /Applications/XAMPP/xamppfiles/htdocs/mittag2/system/library/image.php on line 118
2017-11-05 15:07:29 - PHP Warning:  Missing argument 2 for ModelToolImage::resize() in /Applications/XAMPP/xamppfiles/htdocs/mittag2/catalog/model/tool/image.php on line 3
2017-11-05 15:07:29 - PHP Warning:  Missing argument 3 for ModelToolImage::resize() in /Applications/XAMPP/xamppfiles/htdocs/mittag2/catalog/model/tool/image.php on line 3
2017-11-05 15:07:29 - PHP Notice:  Undefined variable: width in /Applications/XAMPP/xamppfiles/htdocs/mittag2/catalog/model/tool/image.php on line 11
2017-11-05 15:07:29 - PHP Notice:  Undefined variable: height in /Applications/XAMPP/xamppfiles/htdocs/mittag2/catalog/model/tool/image.php on line 11
2017-11-05 15:07:29 - PHP Notice:  Undefined variable: width in /Applications/XAMPP/xamppfiles/htdocs/mittag2/catalog/model/tool/image.php on line 32
2017-11-05 15:07:29 - PHP Notice:  Undefined variable: width in /Applications/XAMPP/xamppfiles/htdocs/mittag2/catalog/model/tool/image.php on line 34
2017-11-05 15:07:29 - PHP Notice:  Undefined variable: height in /Applications/XAMPP/xamppfiles/htdocs/mittag2/catalog/model/tool/image.php on line 34
2017-11-05 15:07:29 - PHP Warning:  imagecreatetruecolor(): Invalid image dimensions in /Applications/XAMPP/xamppfiles/htdocs/mittag2/system/library/image.php on line 105
2017-11-05 15:07:29 - PHP Warning:  imagecolorallocate() expects parameter 1 to be resource, boolean given in /Applications/XAMPP/xamppfiles/htdocs/mittag2/system/library/image.php on line 113
2017-11-05 15:07:29 - PHP Warning:  imagefilledrectangle() expects parameter 1 to be resource, boolean given in /Applications/XAMPP/xamppfiles/htdocs/mittag2/system/library/image.php on line 116
2017-11-05 15:07:29 - PHP Warning:  imagecopyresampled() expects parameter 1 to be resource, boolean given in /Applications/XAMPP/xamppfiles/htdocs/mittag2/system/library/image.php on line 118
2017-11-05 15:07:43 - PHP Warning:  imagecreatetruecolor() expects parameter 1 to be long, string given in /Applications/XAMPP/xamppfiles/htdocs/mittag2/system/library/image.php on line 105
2017-11-05 15:07:43 - PHP Warning:  imagecolorallocate() expects parameter 1 to be resource, null given in /Applications/XAMPP/xamppfiles/htdocs/mittag2/system/library/image.php on line 113
2017-11-05 15:07:43 - PHP Warning:  imagefilledrectangle() expects parameter 1 to be resource, null given in /Applications/XAMPP/xamppfiles/htdocs/mittag2/system/library/image.php on line 116
2017-11-05 15:07:43 - PHP Warning:  imagecopyresampled() expects parameter 1 to be resource, null given in /Applications/XAMPP/xamppfiles/htdocs/mittag2/system/library/image.php on line 118
2017-11-05 15:07:46 - PHP Warning:  imagecreatetruecolor() expects parameter 1 to be long, string given in /Applications/XAMPP/xamppfiles/htdocs/mittag2/system/library/image.php on line 105
2017-11-05 15:07:46 - PHP Warning:  imagecolorallocate() expects parameter 1 to be resource, null given in /Applications/XAMPP/xamppfiles/htdocs/mittag2/system/library/image.php on line 113
2017-11-05 15:07:46 - PHP Warning:  imagefilledrectangle() expects parameter 1 to be resource, null given in /Applications/XAMPP/xamppfiles/htdocs/mittag2/system/library/image.php on line 116
2017-11-05 15:07:46 - PHP Warning:  imagecopyresampled() expects parameter 1 to be resource, null given in /Applications/XAMPP/xamppfiles/htdocs/mittag2/system/library/image.php on line 118
2017-11-05 15:07:58 - PHP Warning:  imagecreatetruecolor() expects parameter 1 to be long, string given in /Applications/XAMPP/xamppfiles/htdocs/mittag2/system/library/image.php on line 105
2017-11-05 15:07:58 - PHP Warning:  imagecolorallocate() expects parameter 1 to be resource, null given in /Applications/XAMPP/xamppfiles/htdocs/mittag2/system/library/image.php on line 113
2017-11-05 15:07:58 - PHP Warning:  imagefilledrectangle() expects parameter 1 to be resource, null given in /Applications/XAMPP/xamppfiles/htdocs/mittag2/system/library/image.php on line 116
2017-11-05 15:07:58 - PHP Warning:  imagecopyresampled() expects parameter 1 to be resource, null given in /Applications/XAMPP/xamppfiles/htdocs/mittag2/system/library/image.php on line 118
2017-11-05 15:08:00 - PHP Warning:  imagecreatetruecolor() expects parameter 1 to be long, string given in /Applications/XAMPP/xamppfiles/htdocs/mittag2/system/library/image.php on line 105
2017-11-05 15:08:00 - PHP Warning:  imagecolorallocate() expects parameter 1 to be resource, null given in /Applications/XAMPP/xamppfiles/htdocs/mittag2/system/library/image.php on line 113
2017-11-05 15:08:00 - PHP Warning:  imagefilledrectangle() expects parameter 1 to be resource, null given in /Applications/XAMPP/xamppfiles/htdocs/mittag2/system/library/image.php on line 116
2017-11-05 15:08:00 - PHP Warning:  imagecopyresampled() expects parameter 1 to be resource, null given in /Applications/XAMPP/xamppfiles/htdocs/mittag2/system/library/image.php on line 118
2017-11-05 15:08:02 - PHP Warning:  imagecreatetruecolor() expects parameter 1 to be long, string given in /Applications/XAMPP/xamppfiles/htdocs/mittag2/system/library/image.php on line 105
2017-11-05 15:08:02 - PHP Warning:  imagecolorallocate() expects parameter 1 to be resource, null given in /Applications/XAMPP/xamppfiles/htdocs/mittag2/system/library/image.php on line 113
2017-11-05 15:08:02 - PHP Warning:  imagefilledrectangle() expects parameter 1 to be resource, null given in /Applications/XAMPP/xamppfiles/htdocs/mittag2/system/library/image.php on line 116
2017-11-05 15:08:02 - PHP Warning:  imagecopyresampled() expects parameter 1 to be resource, null given in /Applications/XAMPP/xamppfiles/htdocs/mittag2/system/library/image.php on line 118
2017-11-05 15:59:43 - PHP Warning:  imagejpeg(/Applications/XAMPP/xamppfiles/htdocs/mittag2/image/cache/catalog/!IMG_0465_OK-pinkoi-200x200.jpg): failed to open stream: Permission denied in /Applications/XAMPP/xamppfiles/htdocs/mittag2/system/library/image.php on line 64
2017-11-05 15:59:43 - PHP Warning:  imagejpeg(/Applications/XAMPP/xamppfiles/htdocs/mittag2/image/cache/catalog/mittag act 01-200x200.jpg): failed to open stream: Permission denied in /Applications/XAMPP/xamppfiles/htdocs/mittag2/system/library/image.php on line 64
2017-11-05 15:59:43 - PHP Warning:  imagejpeg(/Applications/XAMPP/xamppfiles/htdocs/mittag2/image/cache/catalog/!IMG_3989_ok_pinkoi-200x200.jpg): failed to open stream: Permission denied in /Applications/XAMPP/xamppfiles/htdocs/mittag2/system/library/image.php on line 64
2017-11-05 15:59:43 - PHP Warning:  imagejpeg(/Applications/XAMPP/xamppfiles/htdocs/mittag2/image/cache/catalog/!IMG_1857_all_ok-200x200.jpg): failed to open stream: Permission denied in /Applications/XAMPP/xamppfiles/htdocs/mittag2/system/library/image.php on line 64
2017-11-05 15:59:43 - PHP Warning:  imagejpeg(/Applications/XAMPP/xamppfiles/htdocs/mittag2/image/cache/catalog/!IMG_2471_all_ok-200x200.jpg): failed to open stream: Permission denied in /Applications/XAMPP/xamppfiles/htdocs/mittag2/system/library/image.php on line 64
2017-11-05 15:59:44 - PHP Warning:  imagejpeg(/Applications/XAMPP/xamppfiles/htdocs/mittag2/image/cache/catalog/!IMG_2833_all_ok-200x200.jpg): failed to open stream: Permission denied in /Applications/XAMPP/xamppfiles/htdocs/mittag2/system/library/image.php on line 64
2017-11-05 15:59:44 - PHP Warning:  imagepng(/Applications/XAMPP/xamppfiles/htdocs/mittag2/image/cache/placeholder-200x200.png): failed to open stream: Permission denied in /Applications/XAMPP/xamppfiles/htdocs/mittag2/system/library/image.php on line 66
2017-11-05 15:59:44 - PHP Warning:  imagejpeg(/Applications/XAMPP/xamppfiles/htdocs/mittag2/image/cache/catalog/!IMG_3384_ok_pinkoi-200x200.jpg): failed to open stream: Permission denied in /Applications/XAMPP/xamppfiles/htdocs/mittag2/system/library/image.php on line 64
2017-11-05 15:59:44 - PHP Warning:  imagejpeg(/Applications/XAMPP/xamppfiles/htdocs/mittag2/image/cache/catalog/!IMG_3889_ok_pinkoi-200x200.jpg): failed to open stream: Permission denied in /Applications/XAMPP/xamppfiles/htdocs/mittag2/system/library/image.php on line 64
2017-11-05 15:59:44 - PHP Warning:  imagejpeg(/Applications/XAMPP/xamppfiles/htdocs/mittag2/image/cache/catalog/!IMG_6807_ok_pinkoi-200x200.jpg): failed to open stream: Permission denied in /Applications/XAMPP/xamppfiles/htdocs/mittag2/system/library/image.php on line 64
2017-11-05 15:59:44 - PHP Warning:  imagejpeg(/Applications/XAMPP/xamppfiles/htdocs/mittag2/image/cache/catalog/!IMG_3999_ok_pinkoi-200x200.jpg): failed to open stream: Permission denied in /Applications/XAMPP/xamppfiles/htdocs/mittag2/system/library/image.php on line 64
2017-11-05 15:59:44 - PHP Warning:  imagejpeg(/Applications/XAMPP/xamppfiles/htdocs/mittag2/image/cache/catalog/!IMG_0479_OK-pinkoi-200x200.jpg): failed to open stream: Permission denied in /Applications/XAMPP/xamppfiles/htdocs/mittag2/system/library/image.php on line 64
2017-11-05 15:59:44 - PHP Warning:  imagejpeg(/Applications/XAMPP/xamppfiles/htdocs/mittag2/image/cache/catalog/!IMG_7413_ok_pinkoi-200x200.jpg): failed to open stream: Permission denied in /Applications/XAMPP/xamppfiles/htdocs/mittag2/system/library/image.php on line 64
2017-11-17 15:58:18 - PHP Notice:  Undefined offset: 1 in /home/jungweic/public_html/mittag.com.tw/catalog/view/theme/default/template/common/content_top.tpl on line 58
2017-11-17 15:58:21 - PHP Notice:  Undefined offset: 1 in /home/jungweic/public_html/mittag.com.tw/catalog/view/theme/default/template/common/content_top.tpl on line 58
2017-11-17 15:58:35 - PHP Notice:  Undefined offset: 1 in /home/jungweic/public_html/mittag.com.tw/catalog/view/theme/default/template/common/content_top.tpl on line 58
2017-11-17 15:58:39 - PHP Notice:  Undefined offset: 1 in /home/jungweic/public_html/mittag.com.tw/catalog/view/theme/default/template/common/content_top.tpl on line 58
2017-11-17 16:01:31 - PHP Notice:  Undefined offset: 1 in /home/jungweic/public_html/mittag.com.tw/catalog/view/theme/default/template/common/content_top.tpl on line 58
2017-11-17 16:01:42 - PHP Notice:  Undefined offset: 1 in /home/jungweic/public_html/mittag.com.tw/catalog/view/theme/default/template/common/content_top.tpl on line 58
2017-11-17 16:01:54 - PHP Notice:  Undefined offset: 1 in /home/jungweic/public_html/mittag.com.tw/catalog/view/theme/default/template/common/content_top.tpl on line 58
2017-11-17 16:02:08 - PHP Notice:  Undefined offset: 1 in /home/jungweic/public_html/mittag.com.tw/catalog/view/theme/default/template/common/content_top.tpl on line 58
2017-11-17 16:04:05 - PHP Notice:  Undefined offset: 1 in /home/jungweic/public_html/mittag.com.tw/catalog/view/theme/default/template/common/content_top.tpl on line 58
2017-11-17 16:04:08 - PHP Notice:  Undefined offset: 1 in /home/jungweic/public_html/mittag.com.tw/catalog/view/theme/default/template/common/content_top.tpl on line 58
2017-11-17 16:05:15 - PHP Notice:  Undefined offset: 1 in /home/jungweic/public_html/mittag.com.tw/catalog/view/theme/default/template/common/content_top.tpl on line 58
2017-11-17 16:05:18 - PHP Notice:  Undefined offset: 1 in /home/jungweic/public_html/mittag.com.tw/catalog/view/theme/default/template/common/content_top.tpl on line 58
2017-11-17 16:05:45 - PHP Notice:  Undefined offset: 1 in /home/jungweic/public_html/mittag.com.tw/catalog/view/theme/default/template/common/content_top.tpl on line 58
2017-11-17 16:06:24 - PHP Notice:  Undefined offset: 1 in /home/jungweic/public_html/mittag.com.tw/catalog/view/theme/default/template/common/content_top.tpl on line 58
2017-11-17 16:13:14 - PHP Notice:  Undefined offset: 1 in /home/jungweic/public_html/mittag.com.tw/catalog/view/theme/default/template/common/content_top.tpl on line 58
2017-11-17 16:13:17 - PHP Notice:  Undefined offset: 1 in /home/jungweic/public_html/mittag.com.tw/catalog/view/theme/default/template/common/content_top.tpl on line 58
2017-11-17 16:14:32 - PHP Notice:  Undefined offset: 1 in /home/jungweic/public_html/mittag.com.tw/catalog/view/theme/default/template/common/content_top.tpl on line 58
2017-11-17 16:14:36 - PHP Notice:  Undefined offset: 1 in /home/jungweic/public_html/mittag.com.tw/catalog/view/theme/default/template/common/content_top.tpl on line 58
2017-11-17 16:16:17 - PHP Notice:  Undefined offset: 1 in /home/jungweic/public_html/mittag.com.tw/catalog/view/theme/default/template/common/content_top.tpl on line 58
2017-11-17 16:16:20 - PHP Notice:  Undefined offset: 1 in /home/jungweic/public_html/mittag.com.tw/catalog/view/theme/default/template/common/content_top.tpl on line 58
2017-11-17 16:16:25 - PHP Notice:  Undefined offset: 1 in /home/jungweic/public_html/mittag.com.tw/catalog/view/theme/default/template/common/content_top.tpl on line 58
2017-11-17 16:29:55 - PHP Notice:  Undefined offset: 1 in /home/jungweic/public_html/mittag.com.tw/catalog/view/theme/default/template/common/content_top.tpl on line 58
2017-11-17 16:29:58 - PHP Notice:  Undefined offset: 1 in /home/jungweic/public_html/mittag.com.tw/catalog/view/theme/default/template/common/content_top.tpl on line 58
2017-11-17 16:30:06 - PHP Notice:  Undefined offset: 1 in /home/jungweic/public_html/mittag.com.tw/catalog/view/theme/default/template/common/content_top.tpl on line 58
2017-11-17 16:32:12 - PHP Notice:  Undefined offset: 1 in /home/jungweic/public_html/mittag.com.tw/catalog/view/theme/default/template/common/content_top.tpl on line 58
2017-11-17 16:32:36 - PHP Notice:  Undefined offset: 1 in /home/jungweic/public_html/mittag.com.tw/catalog/view/theme/default/template/common/content_top.tpl on line 58
2017-11-17 16:32:50 - PHP Notice:  Undefined offset: 1 in /home/jungweic/public_html/mittag.com.tw/catalog/view/theme/default/template/common/content_top.tpl on line 58
2017-11-17 16:37:24 - PHP Notice:  Undefined offset: 1 in /home/jungweic/public_html/mittag.com.tw/catalog/view/theme/default/template/common/content_top.tpl on line 58
2017-11-17 16:49:12 - PHP Notice:  Undefined offset: 1 in /home/jungweic/public_html/mittag.com.tw/catalog/view/theme/default/template/common/content_top.tpl on line 58
2017-11-17 16:50:18 - PHP Notice:  Undefined offset: 1 in /home/jungweic/public_html/mittag.com.tw/catalog/view/theme/default/template/common/content_top.tpl on line 58
2017-11-17 19:55:42 - PHP Notice:  Undefined offset: 1 in /home/jungweic/public_html/mittag.com.tw/catalog/view/theme/default/template/common/content_top.tpl on line 58
2017-11-18 1:13:13 - PHP Notice:  Undefined offset: 1 in /home/jungweic/public_html/mittag.com.tw/catalog/view/theme/default/template/common/content_top.tpl on line 58
2017-11-19 8:29:26 - PHP Notice:  Undefined offset: 1 in /home/jungweic/public_html/mittag.com.tw/catalog/view/theme/default/template/common/content_top.tpl on line 58
2017-11-19 8:29:30 - PHP Notice:  Undefined offset: 1 in /home/jungweic/public_html/mittag.com.tw/catalog/view/theme/default/template/common/content_top.tpl on line 58
2017-11-19 8:45:20 - PHP Notice:  Undefined offset: 1 in /home/jungweic/public_html/mittag.com.tw/catalog/view/theme/default/template/common/content_top.tpl on line 58
2017-11-19 8:45:23 - PHP Notice:  Undefined offset: 1 in /home/jungweic/public_html/mittag.com.tw/catalog/view/theme/default/template/common/content_top.tpl on line 58
2017-11-19 8:45:57 - PHP Notice:  Undefined offset: 1 in /home/jungweic/public_html/mittag.com.tw/catalog/view/theme/default/template/common/content_top.tpl on line 58
2017-11-19 8:46:00 - PHP Notice:  Undefined offset: 1 in /home/jungweic/public_html/mittag.com.tw/catalog/view/theme/default/template/common/content_top.tpl on line 58
2017-11-19 8:46:24 - PHP Notice:  Undefined offset: 1 in /home/jungweic/public_html/mittag.com.tw/catalog/view/theme/default/template/common/content_top.tpl on line 58
2017-11-19 8:47:10 - PHP Notice:  Undefined offset: 1 in /home/jungweic/public_html/mittag.com.tw/catalog/view/theme/default/template/common/content_top.tpl on line 58
2017-11-19 9:01:32 - PHP Notice:  Undefined offset: 1 in /home/jungweic/public_html/mittag.com.tw/catalog/view/theme/default/template/common/content_top.tpl on line 58
2017-11-19 9:01:36 - PHP Notice:  Undefined offset: 1 in /home/jungweic/public_html/mittag.com.tw/catalog/view/theme/default/template/common/content_top.tpl on line 58
2017-11-19 9:25:45 - PHP Notice:  Undefined offset: 1 in /home/jungweic/public_html/mittag.com.tw/catalog/view/theme/default/template/common/content_top.tpl on line 58
2017-11-19 9:25:49 - PHP Notice:  Undefined offset: 1 in /home/jungweic/public_html/mittag.com.tw/catalog/view/theme/default/template/common/content_top.tpl on line 58
2017-11-19 11:07:34 - PHP Notice:  Undefined offset: 1 in /home/jungweic/public_html/mittag.com.tw/catalog/view/theme/default/template/common/content_top.tpl on line 58
2017-11-19 11:07:42 - PHP Notice:  Undefined offset: 1 in /home/jungweic/public_html/mittag.com.tw/catalog/view/theme/default/template/common/content_top.tpl on line 58
2017-11-20 16:23:56 - PHP Notice:  Undefined index: zone_id in /home/jungweic/public_html/mittag.com.tw/admin/view/template/customer/customer_form.tpl on line 402
2017-11-20 14:05:05 - PHP Notice:  Undefined offset: 1 in C:\xampp\htdocs\mittag2\catalog\view\theme\default\template\common\content_top.tpl on line 58
2017-11-20 14:05:05 - PHP Notice:  Undefined offset: 6 in C:\xampp\htdocs\mittag2\catalog\view\theme\default\template\common\footer.tpl on line 13
2017-11-20 14:05:05 - PHP Notice:  Undefined offset: 6 in C:\xampp\htdocs\mittag2\catalog\view\theme\default\template\common\footer.tpl on line 13
2017-11-20 14:35:23 - PHP Warning:  mail(): Failed to connect to mailserver at &quot;localhost&quot; port 25, verify your &quot;SMTP&quot; and &quot;smtp_port&quot; setting in php.ini or use ini_set() in C:\xampp\htdocs\mittag2\system\library\mail.php on line 158
2017-11-20 14:42:15 - PHP Warning:  mail(): Failed to connect to mailserver at &quot;localhost&quot; port 25, verify your &quot;SMTP&quot; and &quot;smtp_port&quot; setting in php.ini or use ini_set() in C:\xampp\htdocs\mittag2\system\library\mail.php on line 158
